2005.01.30 21:51 B C:\homepage\html\1860_munchen.html --> www.stadionprogramm.de /html 1860_munchen.html
2005.01.30 21:51 B C:\homepage\html\auswartsspiel.html --> www.stadionprogramm.de /html auswartsspiel.html
2005.01.30 21:51 B C:\homepage\html\auswartsspiele.html --> www.stadionprogramm.de /html auswartsspiele.html
2005.01.30 21:51 B C:\homepage\html\auswartsspiele1.html --> www.stadionprogramm.de /html auswartsspiele1.html
2005.01.30 21:51 B C:\homepage\html\autogrammkarten.html --> www.stadionprogramm.de /html autogrammkarten.html
2005.01.30 21:51 B C:\homepage\html\body_1860_munchen.html --> www.stadionprogramm.de /html body_1860_munchen.html
2005.01.30 21:51 B C:\homepage\html\body_auswartsspiel.html --> www.stadionprogramm.de /html body_auswartsspiel.html
2005.01.30 21:51 B C:\homepage\html\body_auswartsspiele.html --> www.stadionprogramm.de /html body_auswartsspiele.html
2005.01.30 21:51 B C:\homepage\html\body_auswartsspiele1.html --> www.stadionprogramm.de /html body_auswartsspiele1.html
2005.01.30 21:51 B C:\homepage\html\body_autogrammkarten.html --> www.stadionprogramm.de /html body_autogrammkarten.html
2005.01.30 21:51 B C:\homepage\html\body_bucher.html --> www.stadionprogramm.de /html body_bucher.html
2005.01.30 21:51 B C:\homepage\html\body_bucher1.html --> www.stadionprogramm.de /html body_bucher1.html
2005.01.30 21:51 B C:\homepage\html\body_bucher_und_magazine.html --> www.stadionprogramm.de /html body_bucher_und_magazine.html
2005.01.30 21:51 B C:\homepage\html\body_ddr.html --> www.stadionprogramm.de /html body_ddr.html
2005.01.30 21:51 B C:\homepage\html\body_deutsche_meisterschaft.html --> www.stadionprogramm.de /html body_deutsche_meisterschaft.html
2005.01.30 21:51 B C:\homepage\html\body_dfb_pokal.html --> www.stadionprogramm.de /html body_dfb_pokal.html
2005.01.30 21:51 B C:\homepage\html\body_die_blaue.html --> www.stadionprogramm.de /html body_die_blaue.html
2005.01.30 21:51 B C:\homepage\html\body_die_obu_family.html --> www.stadionprogramm.de /html body_die_obu_family.html
2005.01.30 21:51 B C:\homepage\html\body_eintrittskarten.html --> www.stadionprogramm.de /html body_eintrittskarten.html
2005.01.30 21:51 B C:\homepage\html\body_eintrittskarten1.html --> www.stadionprogramm.de /html body_eintrittskarten1.html
2005.01.30 21:51 B C:\homepage\html\body_europa_pokal.html --> www.stadionprogramm.de /html body_europa_pokal.html
2005.01.30 21:51 B C:\homepage\html\body_freundschaft.html --> www.stadionprogramm.de /html body_freundschaft.html
2005.01.30 21:51 B C:\homepage\html\body_fussball_abteilung.html --> www.stadionprogramm.de /html body_fussball_abteilung.html
2005.01.30 21:51 B C:\homepage\html\body_gesamtverein.html --> www.stadionprogramm.de /html body_gesamtverein.html
2005.01.30 21:51 B C:\homepage\html\body_glaser.html --> www.stadionprogramm.de /html body_glaser.html
2005.01.30 21:51 B C:\homepage\html\body_heimspiele.HTM --> www.stadionprogramm.de /html body_heimspiele.HTM
2005.01.30 21:51 B C:\homepage\html\body_heimspiele.html --> www.stadionprogramm.de /html body_heimspiele.html
2005.01.30 21:51 B C:\homepage\html\body_jahrbucher.html --> www.stadionprogramm.de /html body_jahrbucher.html
2005.01.30 21:52 B C:\homepage\html\body_klebe_alben.html --> www.stadionprogramm.de /html body_klebe_alben.html
2005.01.30 21:52 B C:\homepage\html\body_landerspiele.html --> www.stadionprogramm.de /html body_landerspiele.html
2005.01.30 21:52 B C:\homepage\html\body_landerspiele_deutschland.html --> www.stadionprogramm.de /html body_landerspiele_deutschland.html
2005.01.30 21:52 B C:\homepage\html\body_liechtenstein.html --> www.stadionprogramm.de /html body_liechtenstein.html
2005.01.30 21:52 B C:\homepage\html\body_liga.html --> www.stadionprogramm.de /html body_liga.html
2005.01.30 21:52 B C:\homepage\html\body_ls_prog_d_heim.HTM --> www.stadionprogramm.de /html body_ls_prog_d_heim.HTM
2005.01.30 21:53 B C:\homepage\html\body_ls_prog_d_vorkrieg.HTM --> www.stadionprogramm.de /html body_ls_prog_d_vorkrieg.HTM
2005.01.30 21:53 B C:\homepage\html\body_offizielle_ausgaben.html --> www.stadionprogramm.de /html body_offizielle_ausgaben.html
2005.01.30 21:53 B C:\homepage\html\body_osterreich.html --> www.stadionprogramm.de /html body_osterreich.html
2005.01.30 21:53 B C:\homepage\html\body_pokal_und_ec.html --> www.stadionprogramm.de /html body_pokal_und_ec.html
2005.01.30 21:53 B C:\homepage\html\body_postkarten.html --> www.stadionprogramm.de /html body_postkarten.html
2005.01.30 21:53 B C:\homepage\html\body_private_ausgaben.html --> www.stadionprogramm.de /html body_private_ausgaben.html
2005.01.30 21:53 B C:\homepage\html\body_programme.html --> www.stadionprogramm.de /html body_programme.html
2005.01.30 21:53 B C:\homepage\html\body_programme1.html --> www.stadionprogramm.de /html body_programme1.html
2005.01.30 21:53 B C:\homepage\html\body_programme2.html --> www.stadionprogramm.de /html body_programme2.html
2005.01.30 21:53 B C:\homepage\html\body_sammelbilder.html --> www.stadionprogramm.de /html body_sammelbilder.html
2005.01.30 21:53 B C:\homepage\html\body_sammlung.html --> www.stadionprogramm.de /html body_sammlung.html
2005.01.30 21:53 B C:\homepage\html\body_schweiz.html --> www.stadionprogramm.de /html body_schweiz.html
2005.01.30 21:53 B C:\homepage\html\body_sonstiges.html --> www.stadionprogramm.de /html body_sonstiges.html
2005.01.30 21:53 B C:\homepage\html\body_trikots.html --> www.stadionprogramm.de /html body_trikots.html
2005.01.30 21:53 B C:\homepage\html\body_verkaufslisten.html --> www.stadionprogramm.de /html body_verkaufslisten.html
2005.01.30 21:53 B C:\homepage\html\body_vorkriegs_landerspiele.html --> www.stadionprogramm.de /html body_vorkriegs_landerspiele.html
2005.01.30 21:53 B C:\homepage\html\body_wimpel.html --> www.stadionprogramm.de /html body_wimpel.html
2005.01.30 21:53 B C:\homepage\html\body_wm___em.html --> www.stadionprogramm.de /html body_wm___em.html
2005.01.30 21:53 B C:\homepage\html\bucher.html --> www.stadionprogramm.de /html bucher.html
2005.01.30 21:53 B C:\homepage\html\bucher1.html --> www.stadionprogramm.de /html bucher1.html
2005.01.30 21:53 B C:\homepage\html\bucher_und_magazine.html --> www.stadionprogramm.de /html bucher_und_magazine.html
2005.01.30 21:53 B C:\homepage\html\ddr.html --> www.stadionprogramm.de /html ddr.html
2005.01.30 21:53 B C:\homepage\html\deutsche_meisterschaft.html --> www.stadionprogramm.de /html deutsche_meisterschaft.html
2005.01.30 21:53 B C:\homepage\html\dfb_pokal.html --> www.stadionprogramm.de /html dfb_pokal.html
2005.01.30 21:53 B C:\homepage\html\die_blaue.html --> www.stadionprogramm.de /html die_blaue.html
2005.01.30 21:53 B C:\homepage\html\die_obu_family.html --> www.stadionprogramm.de /html die_obu_family.html
2005.01.30 21:53 B C:\homepage\html\eintrittskarten.html --> www.stadionprogramm.de /html eintrittskarten.html
2005.01.30 21:53 B C:\homepage\html\eintrittskarten1.html --> www.stadionprogramm.de /html eintrittskarten1.html
2005.01.30 21:53 B C:\homepage\html\europa_pokal.html --> www.stadionprogramm.de /html europa_pokal.html
2005.01.30 21:53 B C:\homepage\html\freundschaft.html --> www.stadionprogramm.de /html freundschaft.html
2005.01.30 21:53 B C:\homepage\html\fussball_abteilung.html --> www.stadionprogramm.de /html fussball_abteilung.html
2005.01.30 21:53 B C:\homepage\html\gesamtverein.html --> www.stadionprogramm.de /html gesamtverein.html
2005.01.30 21:53 B C:\homepage\html\glaser.html --> www.stadionprogramm.de /html glaser.html
2005.01.30 21:53 B C:\homepage\html\heimspiele.HTM --> www.stadionprogramm.de /html heimspiele.HTM
2005.01.30 21:53 B C:\homepage\html\heimspiele.html --> www.stadionprogramm.de /html heimspiele.html
2005.01.30 21:53 B C:\homepage\html\jahrbucher.html --> www.stadionprogramm.de /html jahrbucher.html
2005.01.30 21:53 B C:\homepage\html\klebe_alben.html --> www.stadionprogramm.de /html klebe_alben.html
2005.01.30 21:53 B C:\homepage\html\landerspiele.html --> www.stadionprogramm.de /html landerspiele.html
2005.01.30 21:53 B C:\homepage\html\landerspiele_deutschland.html --> www.stadionprogramm.de /html landerspiele_deutschland.html
2005.01.30 21:53 B C:\homepage\html\left_1860_munchen.html --> www.stadionprogramm.de /html left_1860_munchen.html
2005.01.30 21:53 B C:\homepage\html\left_auswartsspiel.html --> www.stadionprogramm.de /html left_auswartsspiel.html
2005.01.30 21:53 B C:\homepage\html\left_auswartsspiele.html --> www.stadionprogramm.de /html left_auswartsspiele.html
2005.01.30 21:53 B C:\homepage\html\left_auswartsspiele1.html --> www.stadionprogramm.de /html left_auswartsspiele1.html
2005.01.30 21:53 B C:\homepage\html\left_autogrammkarten.html --> www.stadionprogramm.de /html left_autogrammkarten.html
2005.01.30 21:53 B C:\homepage\html\left_bucher.html --> www.stadionprogramm.de /html left_bucher.html
2005.01.30 21:53 B C:\homepage\html\left_bucher1.html --> www.stadionprogramm.de /html left_bucher1.html
2005.01.30 21:53 B C:\homepage\html\left_bucher_und_magazine.html --> www.stadionprogramm.de /html left_bucher_und_magazine.html
2005.01.30 21:53 B C:\homepage\html\left_ddr.html --> www.stadionprogramm.de /html left_ddr.html
2005.01.30 21:53 B C:\homepage\html\left_deutsche_meisterschaft.html --> www.stadionprogramm.de /html left_deutsche_meisterschaft.html
2005.01.30 21:53 B C:\homepage\html\left_dfb_pokal.html --> www.stadionprogramm.de /html left_dfb_pokal.html
2005.01.30 21:53 B C:\homepage\html\left_die_blaue.html --> www.stadionprogramm.de /html left_die_blaue.html
2005.01.30 21:54 B C:\homepage\html\left_die_obu_family.html --> www.stadionprogramm.de /html left_die_obu_family.html
2005.01.30 21:54 B C:\homepage\html\left_eintrittskarten.html --> www.stadionprogramm.de /html left_eintrittskarten.html
2005.01.30 21:54 B C:\homepage\html\left_eintrittskarten1.html --> www.stadionprogramm.de /html left_eintrittskarten1.html
2005.01.30 21:54 B C:\homepage\html\left_europa_pokal.html --> www.stadionprogramm.de /html left_europa_pokal.html
2005.01.30 21:54 B C:\homepage\html\left_freundschaft.html --> www.stadionprogramm.de /html left_freundschaft.html
2005.01.30 21:54 B C:\homepage\html\left_fussball_abteilung.html --> www.stadionprogramm.de /html left_fussball_abteilung.html
2005.01.30 21:54 B C:\homepage\html\left_gesamtverein.html --> www.stadionprogramm.de /html left_gesamtverein.html
2005.01.30 21:54 B C:\homepage\html\left_glaser.html --> www.stadionprogramm.de /html left_glaser.html
2005.01.30 21:54 B C:\homepage\html\left_heimspiele.HTM --> www.stadionprogramm.de /html left_heimspiele.HTM
2005.01.30 21:54 B C:\homepage\html\left_heimspiele.html --> www.stadionprogramm.de /html left_heimspiele.html
2005.01.30 21:54 B C:\homepage\html\left_jahrbucher.html --> www.stadionprogramm.de /html left_jahrbucher.html
2005.01.30 21:54 B C:\homepage\html\left_klebe_alben.html --> www.stadionprogramm.de /html left_klebe_alben.html
2005.01.30 21:54 B C:\homepage\html\left_landerspiele.html --> www.stadionprogramm.de /html left_landerspiele.html
2005.01.30 21:54 B C:\homepage\html\left_landerspiele_deutschland.html --> www.stadionprogramm.de /html left_landerspiele_deutschland.html
2005.01.30 21:54 B C:\homepage\html\left_liechtenstein.html --> www.stadionprogramm.de /html left_liechtenstein.html
2005.01.30 21:54 B C:\homepage\html\left_liga.html --> www.stadionprogramm.de /html left_liga.html
2005.01.30 21:54 B C:\homepage\html\left_ls_prog_d_heim.HTM --> www.stadionprogramm.de /html left_ls_prog_d_heim.HTM
2005.01.30 21:54 B C:\homepage\html\left_ls_prog_d_vorkrieg.HTM --> www.stadionprogramm.de /html left_ls_prog_d_vorkrieg.HTM
2005.01.30 21:54 B C:\homepage\html\left_offizielle_ausgaben.html --> www.stadionprogramm.de /html left_offizielle_ausgaben.html
2005.01.30 21:54 B C:\homepage\html\left_osterreich.html --> www.stadionprogramm.de /html left_osterreich.html
2005.01.30 21:54 B C:\homepage\html\left_pokal_und_ec.html --> www.stadionprogramm.de /html left_pokal_und_ec.html
2005.01.30 21:54 B C:\homepage\html\left_postkarten.html --> www.stadionprogramm.de /html left_postkarten.html
2005.01.30 21:54 B C:\homepage\html\left_private_ausgaben.html --> www.stadionprogramm.de /html left_private_ausgaben.html
2005.01.30 21:54 B C:\homepage\html\left_programme.html --> www.stadionprogramm.de /html left_programme.html
2005.01.30 21:54 B C:\homepage\html\left_programme1.html --> www.stadionprogramm.de /html left_programme1.html
2005.01.30 21:54 B C:\homepage\html\left_programme2.html --> www.stadionprogramm.de /html left_programme2.html
2005.01.30 21:54 B C:\homepage\html\left_sammelbilder.html --> www.stadionprogramm.de /html left_sammelbilder.html
2005.01.30 21:54 B C:\homepage\html\left_sammlung.html --> www.stadionprogramm.de /html left_sammlung.html
2005.01.30 21:54 B C:\homepage\html\left_schweiz.html --> www.stadionprogramm.de /html left_schweiz.html
2005.01.30 21:54 B C:\homepage\html\left_sonstiges.html --> www.stadionprogramm.de /html left_sonstiges.html
2005.01.30 21:54 B C:\homepage\html\left_trikots.html --> www.stadionprogramm.de /html left_trikots.html
2005.01.30 21:54 B C:\homepage\html\left_verkaufslisten.html --> www.stadionprogramm.de /html left_verkaufslisten.html
2005.01.30 21:54 B C:\homepage\html\left_vorkriegs_landerspiele.html --> www.stadionprogramm.de /html left_vorkriegs_landerspiele.html
2005.01.30 21:54 B C:\homepage\html\left_wimpel.html --> www.stadionprogramm.de /html left_wimpel.html
2005.01.30 21:54 B C:\homepage\html\left_wm___em.html --> www.stadionprogramm.de /html left_wm___em.html
2005.01.30 21:54 B C:\homepage\html\liechtenstein.html --> www.stadionprogramm.de /html liechtenstein.html
2005.01.30 21:54 B C:\homepage\html\liga.html --> www.stadionprogramm.de /html liga.html
2005.01.30 21:54 B C:\homepage\html\ls_prog_d_heim.HTM --> www.stadionprogramm.de /html ls_prog_d_heim.HTM
2005.01.30 21:54 B C:\homepage\html\ls_prog_d_vorkrieg.HTM --> www.stadionprogramm.de /html ls_prog_d_vorkrieg.HTM
2005.01.30 21:54 B C:\homepage\html\offizielle_ausgaben.html --> www.stadionprogramm.de /html offizielle_ausgaben.html
2005.01.30 21:54 B C:\homepage\html\osterreich.html --> www.stadionprogramm.de /html osterreich.html
2005.01.30 21:54 B C:\homepage\html\pokal_und_ec.html --> www.stadionprogramm.de /html pokal_und_ec.html
2005.01.30 21:54 B C:\homepage\html\postkarten.html --> www.stadionprogramm.de /html postkarten.html
2005.01.30 21:54 B C:\homepage\html\private_ausgaben.html --> www.stadionprogramm.de /html private_ausgaben.html
2005.01.30 21:54 B C:\homepage\html\programme.html --> www.stadionprogramm.de /html programme.html
2005.01.30 21:54 B C:\homepage\html\programme1.html --> www.stadionprogramm.de /html programme1.html
2005.01.30 21:54 B C:\homepage\html\programme2.html --> www.stadionprogramm.de /html programme2.html
2005.01.30 21:54 B C:\homepage\html\sammelbilder.html --> www.stadionprogramm.de /html sammelbilder.html
2005.01.30 21:54 B C:\homepage\html\sammlung.html --> www.stadionprogramm.de /html sammlung.html
2005.01.30 21:54 B C:\homepage\html\schweiz.html --> www.stadionprogramm.de /html schweiz.html
2005.01.30 21:54 B C:\homepage\html\site.css --> www.stadionprogramm.de /html site.css
2005.01.30 21:54 B C:\homepage\html\sonstiges.html --> www.stadionprogramm.de /html sonstiges.html
2005.01.30 21:54 B C:\homepage\html\style.css --> www.stadionprogramm.de /html style.css
2005.01.30 21:54 B C:\homepage\html\trikots.html --> www.stadionprogramm.de /html trikots.html
2005.01.30 21:54 B C:\homepage\html\verkaufslisten.html --> www.stadionprogramm.de /html verkaufslisten.html
2005.01.30 21:54 B C:\homepage\html\vorkriegs_landerspiele.html --> www.stadionprogramm.de /html vorkriegs_landerspiele.html
2005.01.30 21:54 B C:\homepage\html\wimpel.html --> www.stadionprogramm.de /html wimpel.html
2005.01.30 21:54 B C:\homepage\html\wm___em.html --> www.stadionprogramm.de /html wm___em.html
